E:\Practise\VS2010\winService\Debug\winService.pdb
E:\Practise\VS2010\winService\winService\Debug\cl.command.1.tlog
E:\Practise\VS2010\winService\winService\Debug\CL.read.1.tlog
E:\Practise\VS2010\winService\winService\Debug\CL.write.1.tlog
E:\Practise\VS2010\winService\winService\Debug\link.6832.read.1.tlog
E:\Practise\VS2010\winService\winService\Debug\link.6832.write.1.tlog
E:\Practise\VS2010\winService\winService\Debug\link.6832-cvtres.read.1.tlog
E:\Practise\VS2010\winService\winService\Debug\link.6832-cvtres.write.1.tlog
E:\Practise\VS2010\winService\winService\Debug\link.6840.read.1.tlog
E:\Practise\VS2010\winService\winService\Debug\link.6840.write.1.tlog
E:\Practise\VS2010\winService\winService\Debug\link.command.1.tlog
E:\Practise\VS2010\winService\winService\Debug\link.read.1.tlog
E:\Practise\VS2010\winService\winService\Debug\link.write.1.tlog
E:\Practise\VS2010\winService\winService\Debug\link-cvtres.read.1.tlog
E:\Practise\VS2010\winService\winService\Debug\link-cvtres.write.1.tlog
E:\PRACTISE\VS2010\WINSERVICE\WINSERVICE\DEBUG\MAIN.OBJ
E:\Practise\VS2010\winService\winService\Debug\mt.command.1.tlog
E:\Practise\VS2010\winService\winService\Debug\mt.read.1.tlog
E:\Practise\VS2010\winService\winService\Debug\mt.write.1.tlog
E:\Practise\VS2010\winService\winService\Debug\rc.command.1.tlog
E:\Practise\VS2010\winService\winService\Debug\rc.read.1.tlog
E:\Practise\VS2010\winService\winService\Debug\rc.write.1.tlog
E:\PRACTISE\VS2010\WINSERVICE\WINSERVICE\DEBUG\SERVICEBASE.OBJ
E:\PRACTISE\VS2010\WINSERVICE\WINSERVICE\DEBUG\SERVICEINSTALL.OBJ
E:\PRACTISE\VS2010\WINSERVICE\WINSERVICE\DEBUG\TIMERSVC.OBJ
E:\Practise\VS2010\winService\winService\Debug\vc100.idb
E:\PRACTISE\VS2010\WINSERVICE\WINSERVICE\DEBUG\VC100.PDB
E:\PRACTISE\VS2010\WINSERVICE\WINSERVICE\DEBUG\WINSERVICE.EXE.EMBED.MANIFEST
E:\PRACTISE\VS2010\WINSERVICE\WINSERVICE\DEBUG\WINSERVICE.EXE.EMBED.MANIFEST.RES
E:\Practise\VS2010\winService\winService\Debug\winService.exe.intermediate.manifest
E:\Practise\VS2010\winService\winService\Debug\winService.vcxprojResolveAssemblyReference.cache
E:\Practise\VS2010\winService\winService\Debug\winService.write.1.tlog
E:\Practise\VS2010\winService\winService\Debug\winService_manifest.rc
