Build started 2014/5/15 17:19:43.
     1>Project "E:\Practise\VS2010\winService\winService\winService.vcxproj" on node 2 (build target(s)).
     1>InitializeBuildStatus:
         Creating "Debug\winService.unsuccessfulbuild" because "AlwaysCreate" was specified.
       ClCompile:
         C:\Program Files (x86)\Microsoft Visual Studio 10.0\VC\bin\CL.exe /c /ZI /nologo /W3 /WX- /Od /Oy- /D WIN32 /D _DEBUG /D _CONSOLE /D _MBCS /Gm /EHsc /RTC1 /MDd /GS /fp:precise /Zc:wchar_t /Zc:forScope /Fo"Debug\\" /Fd"Debug\vc100.pdb" /Gd /TP /analyze- /errorReport:prompt main.cpp
         main.cpp
     1>e:\practise\vs2010\winservice\winservice\glog\logging.h(1158): warning C4251: 'google::LogMessage::LogStream::streambuf_' : class 'google::base_logging::LogStreamBuf' needs to have dll-interface to be used by clients of class 'google::LogMessage::LogStream'
                 e:\practise\vs2010\winservice\winservice\glog\logging.h(1088) : see declaration of 'google::base_logging::LogStreamBuf'
     1>e:\practise\vs2010\winservice\winservice\glog\logging.h(1144): warning C4355: 'this' : used in base member initializer list
     1>e:\practise\vs2010\winservice\winservice\servicebase.h(22): warning C4800: 'BOOL' : forcing value to bool 'true' or 'false' (performance warning)
       ManifestResourceCompile:
         All outputs are up-to-date.
       Link:
         C:\Program Files (x86)\Microsoft Visual Studio 10.0\VC\bin\link.exe /ERRORREPORT:PROMPT /OUT:"E:\Practise\VS2010\winService\Debug\winService.exe" /INCREMENTAL /NOLOGO kernel32.lib user32.lib gdi32.lib winspool.lib comdlg32.lib advapi32.lib shell32.lib ole32.lib oleaut32.lib uuid.lib odbc32.lib odbccp32.lib /MANIFEST /ManifestFile:"Debug\winService.exe.intermediate.manifest" /MANIFESTUAC:"level='asInvoker' uiAccess='false'" /DEBUG /PDB:"E:\Practise\VS2010\winService\Debug\winService.pdb" /SUBSYSTEM:CONSOLE /TLBID:1 /DYNAMICBASE /NXCOMPAT /IMPLIB:"E:\Practise\VS2010\winService\Debug\winService.lib" /MACHINE:X86 Debug\winService.exe.embed.manifest.res
         Debug\main.obj
         Debug\servicebase.obj
         Debug\serviceInstall.obj
         Debug\timerSvc.obj
       Manifest:
         C:\Program Files (x86)\Microsoft SDKs\Windows\v7.0A\bin\mt.exe /nologo /verbose /out:"Debug\winService.exe.embed.manifest" /manifest Debug\winService.exe.intermediate.manifest
         All outputs are up-to-date.
       LinkEmbedManifest:
         All outputs are up-to-date.
         winService.vcxproj -> E:\Practise\VS2010\winService\Debug\winService.exe
       FinalizeBuildStatus:
         Deleting file "Debug\winService.unsuccessfulbuild".
         Touching "Debug\winService.lastbuildstate".
     1>Done Building Project "E:\Practise\VS2010\winService\winService\winService.vcxproj" (build target(s)).

Build succeeded.

Time Elapsed 00:00:02.35
